{"/Users/anasnisar/Desktop/Personal/test-permission/script.js": {"path":"/Users/anasnisar/Desktop/Personal/test-permission/script.js","statementMap":{"0":{"start":{"line":4,"column":21},"end":{"line":4,"column":110}},"1":{"start":{"line":5,"column":4},"end":{"line":5,"column":31}},"2":{"start":{"line":8,"column":0},"end":{"line":36,"column":3}},"3":{"start":{"line":9,"column":4},"end":{"line":9,"column":27}},"4":{"start":{"line":10,"column":18},"end":{"line":10,"column":49}},"5":{"start":{"line":11,"column":25},"end":{"line":11,"column":68}},"6":{"start":{"line":12,"column":20},"end":{"line":12,"column":54}},"7":{"start":{"line":13,"column":18},"end":{"line":13,"column":50}},"8":{"start":{"line":14,"column":20},"end":{"line":14,"column":54}},"9":{"start":{"line":16,"column":4},"end":{"line":16,"column":35}},"10":{"start":{"line":17,"column":4},"end":{"line":17,"column":26}},"11":{"start":{"line":18,"column":4},"end":{"line":18,"column":33}},"12":{"start":{"line":19,"column":4},"end":{"line":19,"column":36}},"13":{"start":{"line":21,"column":20},"end":{"line":21,"column":45}},"14":{"start":{"line":23,"column":4},"end":{"line":35,"column":13}},"15":{"start":{"line":24,"column":8},"end":{"line":24,"column":39}},"16":{"start":{"line":25,"column":8},"end":{"line":34,"column":9}},"17":{"start":{"line":26,"column":12},"end":{"line":26,"column":35}},"18":{"start":{"line":27,"column":12},"end":{"line":27,"column":42}},"19":{"start":{"line":28,"column":12},"end":{"line":28,"column":41}},"20":{"start":{"line":29,"column":12},"end":{"line":29,"column":44}},"21":{"start":{"line":31,"column":12},"end":{"line":31,"column":35}},"22":{"start":{"line":32,"column":12},"end":{"line":32,"column":42}},"23":{"start":{"line":33,"column":12},"end":{"line":33,"column":43}}},"fnMap":{"0":{"name":"validateGUID","decl":{"start":{"line":2,"column":9},"end":{"line":2,"column":21}},"loc":{"start":{"line":2,"column":28},"end":{"line":6,"column":3}},"line":2},"1":{"name":"(anonymous_1)","decl":{"start":{"line":8,"column":58},"end":{"line":8,"column":59}},"loc":{"start":{"line":8,"column":75},"end":{"line":36,"column":1}},"line":8},"2":{"name":"(anonymous_2)","decl":{"start":{"line":23,"column":15},"end":{"line":23,"column":16}},"loc":{"start":{"line":23,"column":21},"end":{"line":35,"column":5}},"line":23}},"branchMap":{"0":{"loc":{"start":{"line":25,"column":8},"end":{"line":34,"column":9}},"type":"if","locations":[{"start":{"line":25,"column":8},"end":{"line":34,"column":9}},{"start":{"line":30,"column":15},"end":{"line":34,"column":9}}],"line":25}},"s":{"0":2,"1":2,"2":1,"3":2,"4":2,"5":2,"6":2,"7":2,"8":2,"9":2,"10":2,"11":2,"12":2,"13":2,"14":2,"15":2,"16":2,"17":1,"18":1,"19":1,"20":1,"21":1,"22":1,"23":1},"f":{"0":2,"1":2,"2":2},"b":{"0":[1,1]},"_coverageSchema":"1a1c01bbd47fc00a2c39e90264f33305004495a9","hash":"24b2d23abd222be0b6dac02a8119972445a4f608"}
}
